2020-03-09 17:53:26.315  INFO 4544 --- [restartedMain] c.r.inspiration.InspirationApplication   : Starting InspirationApplication on DESKTOP-I5LNNHA with PID 4544 (E:\Work\Java\project\inspiration\target\classes started by 任YQ in E:\Work\Java\project\inspiration)
2020-03-09 17:53:26.336  INFO 4544 --- [restartedMain] c.r.inspiration.InspirationApplication   : No active profile set, falling back to default profiles: default
2020-03-09 17:53:26.368  INFO 4544 --- [restartedMain] .e.DevToolsPropertyDefaultsPostProcessor : Devtools property defaults active! Set 'spring.devtools.add-properties' to 'false' to disable
2020-03-09 17:53:26.368  INFO 4544 --- [restartedMain] .e.DevToolsPropertyDefaultsPostProcessor : For additional web related logging consider setting the 'logging.level.web' property to 'DEBUG'
2020-03-09 17:53:27.119  INFO 4544 --- [restartedMain] .s.d.r.c.RepositoryConfigurationDelegate : Multiple Spring Data modules found, entering strict repository configuration mode!
2020-03-09 17:53:27.120  INFO 4544 --- [restartedMain] .s.d.r.c.RepositoryConfigurationDelegate : Bootstrapping Spring Data Redis repositories in DEFAULT mode.
2020-03-09 17:53:27.143  INFO 4544 --- [restartedMain] .s.d.r.c.RepositoryConfigurationDelegate : Finished Spring Data repository scanning in 12ms. Found 0 Redis repository interfaces.
2020-03-09 17:53:27.626  INFO 4544 --- [restartedMain] trationDelegate$BeanPostProcessorChecker : Bean 'redisConfig' of type [com.ryq.inspiration.config.RedisConfig$$EnhancerBySpringCGLIB$$ac452d8d] is not eligible for getting processed by all BeanPostProcessors (for example: not eligible for auto-proxying)
2020-03-09 17:53:28.092  INFO 4544 --- [restartedMain] o.s.b.w.embedded.tomcat.TomcatWebServer  : Tomcat initialized with port(s): 8080 (http)
2020-03-09 17:53:28.100  INFO 4544 --- [restartedMain] o.apache.catalina.core.StandardService   : Starting service [Tomcat]
2020-03-09 17:53:28.100  INFO 4544 --- [restartedMain] org.apache.catalina.core.StandardEngine  : Starting Servlet engine: [Apache Tomcat/9.0.30]
2020-03-09 17:53:28.257  INFO 4544 --- [restartedMain] o.a.c.c.C.[Tomcat].[localhost].[/]       : Initializing Spring embedded WebApplicationContext
2020-03-09 17:53:28.258  INFO 4544 --- [restartedMain] o.s.web.context.ContextLoader            : Root WebApplicationContext: initialization completed in 1889 ms
2020-03-09 17:53:29.043  INFO 4544 --- [restartedMain] pertySourcedRequestMappingHandlerMapping : Mapped URL path [/v2/api-docs] onto method [springfox.documentation.swagger2.web.Swagger2Controller#getDocumentation(String, HttpServletRequest)]
2020-03-09 17:53:29.124  INFO 4544 --- [restartedMain] o.s.s.concurrent.ThreadPoolTaskExecutor  : Initializing ExecutorService 'applicationTaskExecutor'
2020-03-09 17:53:29.148  INFO 4544 --- [restartedMain] o.s.b.d.a.OptionalLiveReloadServer       : LiveReload server is running on port 35729
2020-03-09 17:53:29.169  INFO 4544 --- [restartedMain] o.s.b.a.w.s.WelcomePageHandlerMapping    : Adding welcome page template: index
2020-03-09 17:53:29.400  INFO 4544 --- [restartedMain] d.s.w.p.DocumentationPluginsBootstrapper : Context refreshed
2020-03-09 17:53:29.415  INFO 4544 --- [restartedMain] d.s.w.p.DocumentationPluginsBootstrapper : Found 1 custom documentation plugin(s)
2020-03-09 17:53:29.437  INFO 4544 --- [restartedMain] s.d.s.w.s.ApiListingReferenceScanner     : Scanning for api listing references
2020-03-09 17:53:29.546  INFO 4544 --- [restartedMain] o.s.a.r.c.CachingConnectionFactory       : Attempting to connect to: [39.105.180.111:5672]
2020-03-09 17:53:29.643  INFO 4544 --- [restartedMain] o.s.a.r.c.CachingConnectionFactory       : Created new connection: rabbitConnectionFactory#3f1c112a:0/SimpleConnection@4f196485 [delegate=amqp://admin@39.105.180.111:5672/, localPort= 50333]
2020-03-09 17:53:29.779  WARN 4544 --- [org.springframework.amqp.rabbit.RabbitListenerEndpointContainer#0-1] o.s.a.r.listener.BlockingQueueConsumer   : Failed to declare queue: DirectQueue
2020-03-09 17:53:29.783  WARN 4544 --- [org.springframework.amqp.rabbit.RabbitListenerEndpointContainer#0-1] o.s.a.r.listener.BlockingQueueConsumer   : Queue declaration failed; retries left=3

org.springframework.amqp.rabbit.listener.BlockingQueueConsumer$DeclarationException: Failed to declare queue(s):[DirectQueue]
	at org.springframework.amqp.rabbit.listener.BlockingQueueConsumer.attemptPassiveDeclarations(BlockingQueueConsumer.java:700) [spring-rabbit-2.2.4.RELEASE.jar:2.2.4.RELEASE]
	at org.springframework.amqp.rabbit.listener.BlockingQueueConsumer.passiveDeclarations(BlockingQueueConsumer.java:584) [spring-rabbit-2.2.4.RELEASE.jar:2.2.4.RELEASE]
	at org.springframework.amqp.rabbit.listener.BlockingQueueConsumer.start(BlockingQueueConsumer.java:571) [spring-rabbit-2.2.4.RELEASE.jar:2.2.4.RELEASE]
	at org.springframework.amqp.rabbit.listener.SimpleMessageListenerContainer$AsyncMessageProcessingConsumer.initialize(SimpleMessageListenerContainer.java:1343) [spring-rabbit-2.2.4.RELEASE.jar:2.2.4.RELEASE]
	at org.springframework.amqp.rabbit.listener.SimpleMessageListenerContainer$AsyncMessageProcessingConsumer.run(SimpleMessageListenerContainer.java:1188) [spring-rabbit-2.2.4.RELEASE.jar:2.2.4.RELEASE]
	at java.lang.Thread.run(Thread.java:745) [na:1.8.0_77]
Caused by: java.io.IOException: null
	at com.rabbitmq.client.impl.AMQChannel.wrap(AMQChannel.java:129) ~[amqp-client-5.8.0.jar:5.8.0]
	at com.rabbitmq.client.impl.AMQChannel.wrap(AMQChannel.java:125) ~[amqp-client-5.8.0.jar:5.8.0]
	at com.rabbitmq.client.impl.AMQChannel.exnWrappingRpc(AMQChannel.java:147) ~[amqp-client-5.8.0.jar:5.8.0]
	at com.rabbitmq.client.impl.ChannelN.queueDeclarePassive(ChannelN.java:1012) ~[amqp-client-5.8.0.jar:5.8.0]
	at com.rabbitmq.client.impl.ChannelN.queueDeclarePassive(ChannelN.java:52) ~[amqp-client-5.8.0.jar:5.8.0]
	at sun.reflect.NativeMethodAccessorImpl.invoke0(Native Method) ~[na:1.8.0_77]
	at sun.reflect.NativeMethodAccessorImpl.invoke(NativeMethodAccessorImpl.java:62) ~[na:1.8.0_77]
	at sun.reflect.DelegatingMethodAccessorImpl.invoke(DelegatingMethodAccessorImpl.java:43) ~[na:1.8.0_77]
	at java.lang.reflect.Method.invoke(Method.java:498) ~[na:1.8.0_77]
	at org.springframework.amqp.rabbit.connection.CachingConnectionFactory$CachedChannelInvocationHandler.invoke(CachingConnectionFactory.java:1190) ~[spring-rabbit-2.2.4.RELEASE.jar:2.2.4.RELEASE]
	at com.sun.proxy.$Proxy129.queueDeclarePassive(Unknown Source) ~[na:na]
	at org.springframework.amqp.rabbit.listener.BlockingQueueConsumer.attemptPassiveDeclarations(BlockingQueueConsumer.java:679) [spring-rabbit-2.2.4.RELEASE.jar:2.2.4.RELEASE]
	... 5 common frames omitted
Caused by: com.rabbitmq.client.ShutdownSignalException: channel error; protocol method: #method<channel.close>(reply-code=404, reply-text=NOT_FOUND - no queue 'DirectQueue' in vhost '/', class-id=50, method-id=10)
	at com.rabbitmq.utility.ValueOrException.getValue(ValueOrException.java:66) ~[amqp-client-5.8.0.jar:5.8.0]
	at com.rabbitmq.utility.BlockingValueOrException.uninterruptibleGetValue(BlockingValueOrException.java:36) ~[amqp-client-5.8.0.jar:5.8.0]
	at com.rabbitmq.client.impl.AMQChannel$BlockingRpcContinuation.getReply(AMQChannel.java:502) ~[amqp-client-5.8.0.jar:5.8.0]
	at com.rabbitmq.client.impl.AMQChannel.privateRpc(AMQChannel.java:293) ~[amqp-client-5.8.0.jar:5.8.0]
	at com.rabbitmq.client.impl.AMQChannel.exnWrappingRpc(AMQChannel.java:141) ~[amqp-client-5.8.0.jar:5.8.0]
	... 14 common frames omitted
Caused by: com.rabbitmq.client.ShutdownSignalException: channel error; protocol method: #method<channel.close>(reply-code=404, reply-text=NOT_FOUND - no queue 'DirectQueue' in vhost '/', class-id=50, method-id=10)
	at com.rabbitmq.client.impl.ChannelN.asyncShutdown(ChannelN.java:522) ~[amqp-client-5.8.0.jar:5.8.0]
	at com.rabbitmq.client.impl.ChannelN.processAsync(ChannelN.java:346) ~[amqp-client-5.8.0.jar:5.8.0]
	at com.rabbitmq.client.impl.AMQChannel.handleCompleteInboundCommand(AMQChannel.java:182) ~[amqp-client-5.8.0.jar:5.8.0]
	at com.rabbitmq.client.impl.AMQChannel.handleFrame(AMQChannel.java:114) ~[amqp-client-5.8.0.jar:5.8.0]
	at com.rabbitmq.client.impl.AMQConnection.readFrame(AMQConnection.java:719) ~[amqp-client-5.8.0.jar:5.8.0]
	at com.rabbitmq.client.impl.AMQConnection.access$300(AMQConnection.java:48) ~[amqp-client-5.8.0.jar:5.8.0]
	at com.rabbitmq.client.impl.AMQConnection$MainLoop.run(AMQConnection.java:646) ~[amqp-client-5.8.0.jar:5.8.0]
	... 1 common frames omitted

2020-03-09 17:53:34.818  WARN 4544 --- [org.springframework.amqp.rabbit.RabbitListenerEndpointContainer#0-1] o.s.a.r.listener.BlockingQueueConsumer   : Failed to declare queue: DirectQueue
2020-03-09 17:53:34.819  WARN 4544 --- [org.springframework.amqp.rabbit.RabbitListenerEndpointContainer#0-1] o.s.a.r.listener.BlockingQueueConsumer   : Queue declaration failed; retries left=2

org.springframework.amqp.rabbit.listener.BlockingQueueConsumer$DeclarationException: Failed to declare queue(s):[DirectQueue]
	at org.springframework.amqp.rabbit.listener.BlockingQueueConsumer.attemptPassiveDeclarations(BlockingQueueConsumer.java:700) [spring-rabbit-2.2.4.RELEASE.jar:2.2.4.RELEASE]
	at org.springframework.amqp.rabbit.listener.BlockingQueueConsumer.passiveDeclarations(BlockingQueueConsumer.java:584) [spring-rabbit-2.2.4.RELEASE.jar:2.2.4.RELEASE]
	at org.springframework.amqp.rabbit.listener.BlockingQueueConsumer.start(BlockingQueueConsumer.java:571) [spring-rabbit-2.2.4.RELEASE.jar:2.2.4.RELEASE]
	at org.springframework.amqp.rabbit.listener.SimpleMessageListenerContainer$AsyncMessageProcessingConsumer.initialize(SimpleMessageListenerContainer.java:1343) [spring-rabbit-2.2.4.RELEASE.jar:2.2.4.RELEASE]
	at org.springframework.amqp.rabbit.listener.SimpleMessageListenerContainer$AsyncMessageProcessingConsumer.run(SimpleMessageListenerContainer.java:1188) [spring-rabbit-2.2.4.RELEASE.jar:2.2.4.RELEASE]
	at java.lang.Thread.run(Thread.java:745) [na:1.8.0_77]
Caused by: java.io.IOException: null
	at com.rabbitmq.client.impl.AMQChannel.wrap(AMQChannel.java:129) ~[amqp-client-5.8.0.jar:5.8.0]
	at com.rabbitmq.client.impl.AMQChannel.wrap(AMQChannel.java:125) ~[amqp-client-5.8.0.jar:5.8.0]
	at com.rabbitmq.client.impl.AMQChannel.exnWrappingRpc(AMQChannel.java:147) ~[amqp-client-5.8.0.jar:5.8.0]
	at com.rabbitmq.client.impl.ChannelN.queueDeclarePassive(ChannelN.java:1012) ~[amqp-client-5.8.0.jar:5.8.0]
	at com.rabbitmq.client.impl.ChannelN.queueDeclarePassive(ChannelN.java:52) ~[amqp-client-5.8.0.jar:5.8.0]
	at sun.reflect.NativeMethodAccessorImpl.invoke0(Native Method) ~[na:1.8.0_77]
	at sun.reflect.NativeMethodAccessorImpl.invoke(NativeMethodAccessorImpl.java:62) ~[na:1.8.0_77]
	at sun.reflect.DelegatingMethodAccessorImpl.invoke(DelegatingMethodAccessorImpl.java:43) ~[na:1.8.0_77]
	at java.lang.reflect.Method.invoke(Method.java:498) ~[na:1.8.0_77]
	at org.springframework.amqp.rabbit.connection.CachingConnectionFactory$CachedChannelInvocationHandler.invoke(CachingConnectionFactory.java:1190) ~[spring-rabbit-2.2.4.RELEASE.jar:2.2.4.RELEASE]
	at com.sun.proxy.$Proxy129.queueDeclarePassive(Unknown Source) ~[na:na]
	at org.springframework.amqp.rabbit.listener.BlockingQueueConsumer.attemptPassiveDeclarations(BlockingQueueConsumer.java:679) [spring-rabbit-2.2.4.RELEASE.jar:2.2.4.RELEASE]
	... 5 common frames omitted
Caused by: com.rabbitmq.client.ShutdownSignalException: channel error; protocol method: #method<channel.close>(reply-code=404, reply-text=NOT_FOUND - no queue 'DirectQueue' in vhost '/', class-id=50, method-id=10)
	at com.rabbitmq.utility.ValueOrException.getValue(ValueOrException.java:66) ~[amqp-client-5.8.0.jar:5.8.0]
	at com.rabbitmq.utility.BlockingValueOrException.uninterruptibleGetValue(BlockingValueOrException.java:36) ~[amqp-client-5.8.0.jar:5.8.0]
	at com.rabbitmq.client.impl.AMQChannel$BlockingRpcContinuation.getReply(AMQChannel.java:502) ~[amqp-client-5.8.0.jar:5.8.0]
	at com.rabbitmq.client.impl.AMQChannel.privateRpc(AMQChannel.java:293) ~[amqp-client-5.8.0.jar:5.8.0]
	at com.rabbitmq.client.impl.AMQChannel.exnWrappingRpc(AMQChannel.java:141) ~[amqp-client-5.8.0.jar:5.8.0]
	... 14 common frames omitted
Caused by: com.rabbitmq.client.ShutdownSignalException: channel error; protocol method: #method<channel.close>(reply-code=404, reply-text=NOT_FOUND - no queue 'DirectQueue' in vhost '/', class-id=50, method-id=10)
	at com.rabbitmq.client.impl.ChannelN.asyncShutdown(ChannelN.java:522) ~[amqp-client-5.8.0.jar:5.8.0]
	at com.rabbitmq.client.impl.ChannelN.processAsync(ChannelN.java:346) ~[amqp-client-5.8.0.jar:5.8.0]
	at com.rabbitmq.client.impl.AMQChannel.handleCompleteInboundCommand(AMQChannel.java:182) ~[amqp-client-5.8.0.jar:5.8.0]
	at com.rabbitmq.client.impl.AMQChannel.handleFrame(AMQChannel.java:114) ~[amqp-client-5.8.0.jar:5.8.0]
	at com.rabbitmq.client.impl.AMQConnection.readFrame(AMQConnection.java:719) ~[amqp-client-5.8.0.jar:5.8.0]
	at com.rabbitmq.client.impl.AMQConnection.access$300(AMQConnection.java:48) ~[amqp-client-5.8.0.jar:5.8.0]
	at com.rabbitmq.client.impl.AMQConnection$MainLoop.run(AMQConnection.java:646) ~[amqp-client-5.8.0.jar:5.8.0]
	... 1 common frames omitted

2020-03-09 17:53:39.854  WARN 4544 --- [org.springframework.amqp.rabbit.RabbitListenerEndpointContainer#0-1] o.s.a.r.listener.BlockingQueueConsumer   : Failed to declare queue: DirectQueue
2020-03-09 17:53:39.855  WARN 4544 --- [org.springframework.amqp.rabbit.RabbitListenerEndpointContainer#0-1] o.s.a.r.listener.BlockingQueueConsumer   : Queue declaration failed; retries left=1

org.springframework.amqp.rabbit.listener.BlockingQueueConsumer$DeclarationException: Failed to declare queue(s):[DirectQueue]
	at org.springframework.amqp.rabbit.listener.BlockingQueueConsumer.attemptPassiveDeclarations(BlockingQueueConsumer.java:700) [spring-rabbit-2.2.4.RELEASE.jar:2.2.4.RELEASE]
	at org.springframework.amqp.rabbit.listener.BlockingQueueConsumer.passiveDeclarations(BlockingQueueConsumer.java:584) [spring-rabbit-2.2.4.RELEASE.jar:2.2.4.RELEASE]
	at org.springframework.amqp.rabbit.listener.BlockingQueueConsumer.start(BlockingQueueConsumer.java:571) [spring-rabbit-2.2.4.RELEASE.jar:2.2.4.RELEASE]
	at org.springframework.amqp.rabbit.listener.SimpleMessageListenerContainer$AsyncMessageProcessingConsumer.initialize(SimpleMessageListenerContainer.java:1343) [spring-rabbit-2.2.4.RELEASE.jar:2.2.4.RELEASE]
	at org.springframework.amqp.rabbit.listener.SimpleMessageListenerContainer$AsyncMessageProcessingConsumer.run(SimpleMessageListenerContainer.java:1188) [spring-rabbit-2.2.4.RELEASE.jar:2.2.4.RELEASE]
	at java.lang.Thread.run(Thread.java:745) [na:1.8.0_77]
Caused by: java.io.IOException: null
	at com.rabbitmq.client.impl.AMQChannel.wrap(AMQChannel.java:129) ~[amqp-client-5.8.0.jar:5.8.0]
	at com.rabbitmq.client.impl.AMQChannel.wrap(AMQChannel.java:125) ~[amqp-client-5.8.0.jar:5.8.0]
	at com.rabbitmq.client.impl.AMQChannel.exnWrappingRpc(AMQChannel.java:147) ~[amqp-client-5.8.0.jar:5.8.0]
	at com.rabbitmq.client.impl.ChannelN.queueDeclarePassive(ChannelN.java:1012) ~[amqp-client-5.8.0.jar:5.8.0]
	at com.rabbitmq.client.impl.ChannelN.queueDeclarePassive(ChannelN.java:52) ~[amqp-client-5.8.0.jar:5.8.0]
	at sun.reflect.NativeMethodAccessorImpl.invoke0(Native Method) ~[na:1.8.0_77]
	at sun.reflect.NativeMethodAccessorImpl.invoke(NativeMethodAccessorImpl.java:62) ~[na:1.8.0_77]
	at sun.reflect.DelegatingMethodAccessorImpl.invoke(DelegatingMethodAccessorImpl.java:43) ~[na:1.8.0_77]
	at java.lang.reflect.Method.invoke(Method.java:498) ~[na:1.8.0_77]
	at org.springframework.amqp.rabbit.connection.CachingConnectionFactory$CachedChannelInvocationHandler.invoke(CachingConnectionFactory.java:1190) ~[spring-rabbit-2.2.4.RELEASE.jar:2.2.4.RELEASE]
	at com.sun.proxy.$Proxy129.queueDeclarePassive(Unknown Source) ~[na:na]
	at org.springframework.amqp.rabbit.listener.BlockingQueueConsumer.attemptPassiveDeclarations(BlockingQueueConsumer.java:679) [spring-rabbit-2.2.4.RELEASE.jar:2.2.4.RELEASE]
	... 5 common frames omitted
Caused by: com.rabbitmq.client.ShutdownSignalException: channel error; protocol method: #method<channel.close>(reply-code=404, reply-text=NOT_FOUND - no queue 'DirectQueue' in vhost '/', class-id=50, method-id=10)
	at com.rabbitmq.utility.ValueOrException.getValue(ValueOrException.java:66) ~[amqp-client-5.8.0.jar:5.8.0]
	at com.rabbitmq.utility.BlockingValueOrException.uninterruptibleGetValue(BlockingValueOrException.java:36) ~[amqp-client-5.8.0.jar:5.8.0]
	at com.rabbitmq.client.impl.AMQChannel$BlockingRpcContinuation.getReply(AMQChannel.java:502) ~[amqp-client-5.8.0.jar:5.8.0]
	at com.rabbitmq.client.impl.AMQChannel.privateRpc(AMQChannel.java:293) ~[amqp-client-5.8.0.jar:5.8.0]
	at com.rabbitmq.client.impl.AMQChannel.exnWrappingRpc(AMQChannel.java:141) ~[amqp-client-5.8.0.jar:5.8.0]
	... 14 common frames omitted
Caused by: com.rabbitmq.client.ShutdownSignalException: channel error; protocol method: #method<channel.close>(reply-code=404, reply-text=NOT_FOUND - no queue 'DirectQueue' in vhost '/', class-id=50, method-id=10)
	at com.rabbitmq.client.impl.ChannelN.asyncShutdown(ChannelN.java:522) ~[amqp-client-5.8.0.jar:5.8.0]
	at com.rabbitmq.client.impl.ChannelN.processAsync(ChannelN.java:346) ~[amqp-client-5.8.0.jar:5.8.0]
	at com.rabbitmq.client.impl.AMQChannel.handleCompleteInboundCommand(AMQChannel.java:182) ~[amqp-client-5.8.0.jar:5.8.0]
	at com.rabbitmq.client.impl.AMQChannel.handleFrame(AMQChannel.java:114) ~[amqp-client-5.8.0.jar:5.8.0]
	at com.rabbitmq.client.impl.AMQConnection.readFrame(AMQConnection.java:719) ~[amqp-client-5.8.0.jar:5.8.0]
	at com.rabbitmq.client.impl.AMQConnection.access$300(AMQConnection.java:48) ~[amqp-client-5.8.0.jar:5.8.0]
	at com.rabbitmq.client.impl.AMQConnection$MainLoop.run(AMQConnection.java:646) ~[amqp-client-5.8.0.jar:5.8.0]
	... 1 common frames omitted

2020-03-09 17:53:44.893  WARN 4544 --- [org.springframework.amqp.rabbit.RabbitListenerEndpointContainer#0-1] o.s.a.r.listener.BlockingQueueConsumer   : Failed to declare queue: DirectQueue
2020-03-09 17:53:44.894 ERROR 4544 --- [org.springframework.amqp.rabbit.RabbitListenerEndpointContainer#0-1] o.s.a.r.l.SimpleMessageListenerContainer : Consumer threw missing queues exception, fatal=true

org.springframework.amqp.rabbit.listener.QueuesNotAvailableException: Cannot prepare queue for listener. Either the queue doesn't exist or the broker will not allow us to use it.
	at org.springframework.amqp.rabbit.listener.BlockingQueueConsumer.handleDeclarationException(BlockingQueueConsumer.java:651) ~[spring-rabbit-2.2.4.RELEASE.jar:2.2.4.RELEASE]
	at org.springframework.amqp.rabbit.listener.BlockingQueueConsumer.passiveDeclarations(BlockingQueueConsumer.java:591) ~[spring-rabbit-2.2.4.RELEASE.jar:2.2.4.RELEASE]
	at org.springframework.amqp.rabbit.listener.BlockingQueueConsumer.start(BlockingQueueConsumer.java:571) ~[spring-rabbit-2.2.4.RELEASE.jar:2.2.4.RELEASE]
	at org.springframework.amqp.rabbit.listener.SimpleMessageListenerContainer$AsyncMessageProcessingConsumer.initialize(SimpleMessageListenerContainer.java:1343) ~[spring-rabbit-2.2.4.RELEASE.jar:2.2.4.RELEASE]
	at org.springframework.amqp.rabbit.listener.SimpleMessageListenerContainer$AsyncMessageProcessingConsumer.run(SimpleMessageListenerContainer.java:1188) ~[spring-rabbit-2.2.4.RELEASE.jar:2.2.4.RELEASE]
	at java.lang.Thread.run(Thread.java:745) [na:1.8.0_77]
Caused by: org.springframework.amqp.rabbit.listener.BlockingQueueConsumer$DeclarationException: Failed to declare queue(s):[DirectQueue]
	at org.springframework.amqp.rabbit.listener.BlockingQueueConsumer.attemptPassiveDeclarations(BlockingQueueConsumer.java:700) ~[spring-rabbit-2.2.4.RELEASE.jar:2.2.4.RELEASE]
	at org.springframework.amqp.rabbit.listener.BlockingQueueConsumer.passiveDeclarations(BlockingQueueConsumer.java:584) ~[spring-rabbit-2.2.4.RELEASE.jar:2.2.4.RELEASE]
	... 4 common frames omitted
Caused by: java.io.IOException: null
	at com.rabbitmq.client.impl.AMQChannel.wrap(AMQChannel.java:129) ~[amqp-client-5.8.0.jar:5.8.0]
	at com.rabbitmq.client.impl.AMQChannel.wrap(AMQChannel.java:125) ~[amqp-client-5.8.0.jar:5.8.0]
	at com.rabbitmq.client.impl.AMQChannel.exnWrappingRpc(AMQChannel.java:147) ~[amqp-client-5.8.0.jar:5.8.0]
	at com.rabbitmq.client.impl.ChannelN.queueDeclarePassive(ChannelN.java:1012) ~[amqp-client-5.8.0.jar:5.8.0]
	at com.rabbitmq.client.impl.ChannelN.queueDeclarePassive(ChannelN.java:52) ~[amqp-client-5.8.0.jar:5.8.0]
	at sun.reflect.NativeMethodAccessorImpl.invoke0(Native Method) ~[na:1.8.0_77]
	at sun.reflect.NativeMethodAccessorImpl.invoke(NativeMethodAccessorImpl.java:62) ~[na:1.8.0_77]
	at sun.reflect.DelegatingMethodAccessorImpl.invoke(DelegatingMethodAccessorImpl.java:43) ~[na:1.8.0_77]
	at java.lang.reflect.Method.invoke(Method.java:498) ~[na:1.8.0_77]
	at org.springframework.amqp.rabbit.connection.CachingConnectionFactory$CachedChannelInvocationHandler.invoke(CachingConnectionFactory.java:1190) ~[spring-rabbit-2.2.4.RELEASE.jar:2.2.4.RELEASE]
	at com.sun.proxy.$Proxy129.queueDeclarePassive(Unknown Source) ~[na:na]
	at org.springframework.amqp.rabbit.listener.BlockingQueueConsumer.attemptPassiveDeclarations(BlockingQueueConsumer.java:679) ~[spring-rabbit-2.2.4.RELEASE.jar:2.2.4.RELEASE]
	... 5 common frames omitted
Caused by: com.rabbitmq.client.ShutdownSignalException: channel error; protocol method: #method<channel.close>(reply-code=404, reply-text=NOT_FOUND - no queue 'DirectQueue' in vhost '/', class-id=50, method-id=10)
	at com.rabbitmq.utility.ValueOrException.getValue(ValueOrException.java:66) ~[amqp-client-5.8.0.jar:5.8.0]
	at com.rabbitmq.utility.BlockingValueOrException.uninterruptibleGetValue(BlockingValueOrException.java:36) ~[amqp-client-5.8.0.jar:5.8.0]
	at com.rabbitmq.client.impl.AMQChannel$BlockingRpcContinuation.getReply(AMQChannel.java:502) ~[amqp-client-5.8.0.jar:5.8.0]
	at com.rabbitmq.client.impl.AMQChannel.privateRpc(AMQChannel.java:293) ~[amqp-client-5.8.0.jar:5.8.0]
	at com.rabbitmq.client.impl.AMQChannel.exnWrappingRpc(AMQChannel.java:141) ~[amqp-client-5.8.0.jar:5.8.0]
	... 14 common frames omitted
Caused by: com.rabbitmq.client.ShutdownSignalException: channel error; protocol method: #method<channel.close>(reply-code=404, reply-text=NOT_FOUND - no queue 'DirectQueue' in vhost '/', class-id=50, method-id=10)
	at com.rabbitmq.client.impl.ChannelN.asyncShutdown(ChannelN.java:522) ~[amqp-client-5.8.0.jar:5.8.0]
	at com.rabbitmq.client.impl.ChannelN.processAsync(ChannelN.java:346) ~[amqp-client-5.8.0.jar:5.8.0]
	at com.rabbitmq.client.impl.AMQChannel.handleCompleteInboundCommand(AMQChannel.java:182) ~[amqp-client-5.8.0.jar:5.8.0]
	at com.rabbitmq.client.impl.AMQChannel.handleFrame(AMQChannel.java:114) ~[amqp-client-5.8.0.jar:5.8.0]
	at com.rabbitmq.client.impl.AMQConnection.readFrame(AMQConnection.java:719) ~[amqp-client-5.8.0.jar:5.8.0]
	at com.rabbitmq.client.impl.AMQConnection.access$300(AMQConnection.java:48) ~[amqp-client-5.8.0.jar:5.8.0]
	at com.rabbitmq.client.impl.AMQConnection$MainLoop.run(AMQConnection.java:646) ~[amqp-client-5.8.0.jar:5.8.0]
	... 1 common frames omitted

2020-03-09 17:53:44.897  WARN 4544 --- [restartedMain] ConfigServletWebServerApplicationContext : Exception encountered during context initialization - cancelling refresh attempt: org.springframework.context.ApplicationContextException: Failed to start bean 'org.springframework.amqp.rabbit.config.internalRabbitListenerEndpointRegistry'; nested exception is org.springframework.amqp.AmqpIllegalStateException: Fatal exception on listener startup
2020-03-09 17:53:44.899  INFO 4544 --- [restartedMain] o.s.a.r.l.SimpleMessageListenerContainer : Waiting for workers to finish.
2020-03-09 17:53:44.899  INFO 4544 --- [restartedMain] o.s.a.r.l.SimpleMessageListenerContainer : Successfully waited for workers to finish.
2020-03-09 17:53:44.899  INFO 4544 --- [restartedMain] o.s.s.concurrent.ThreadPoolTaskExecutor  : Shutting down ExecutorService 'applicationTaskExecutor'
2020-03-09 17:53:44.915 ERROR 4544 --- [org.springframework.amqp.rabbit.RabbitListenerEndpointContainer#0-1] o.s.a.r.l.SimpleMessageListenerContainer : Stopping container from aborted consumer
2020-03-09 17:53:44.915  INFO 4544 --- [org.springframework.amqp.rabbit.RabbitListenerEndpointContainer#0-1] o.s.a.r.l.SimpleMessageListenerContainer : Shutdown ignored - container is not active already
2020-03-09 17:53:44.941  INFO 4544 --- [restartedMain] o.apache.catalina.core.StandardService   : Stopping service [Tomcat]
2020-03-09 17:53:44.949  INFO 4544 --- [restartedMain] ConditionEvaluationReportLoggingListener : 

Error starting ApplicationContext. To display the conditions report re-run your application with 'debug' enabled.
2020-03-09 17:53:44.954 ERROR 4544 --- [restartedMain] o.s.boot.SpringApplication               : Application run failed

org.springframework.context.ApplicationContextException: Failed to start bean 'org.springframework.amqp.rabbit.config.internalRabbitListenerEndpointRegistry'; nested exception is org.springframework.amqp.AmqpIllegalStateException: Fatal exception on listener startup
	at org.springframework.context.support.DefaultLifecycleProcessor.doStart(DefaultLifecycleProcessor.java:185) ~[spring-context-5.2.4.RELEASE.jar:5.2.4.RELEASE]
	at org.springframework.context.support.DefaultLifecycleProcessor.access$200(DefaultLifecycleProcessor.java:53) ~[spring-context-5.2.4.RELEASE.jar:5.2.4.RELEASE]
	at org.springframework.context.support.DefaultLifecycleProcessor$LifecycleGroup.start(DefaultLifecycleProcessor.java:360) ~[spring-context-5.2.4.RELEASE.jar:5.2.4.RELEASE]
	at org.springframework.context.support.DefaultLifecycleProcessor.startBeans(DefaultLifecycleProcessor.java:158) ~[spring-context-5.2.4.RELEASE.jar:5.2.4.RELEASE]
	at org.springframework.context.support.DefaultLifecycleProcessor.onRefresh(DefaultLifecycleProcessor.java:122) ~[spring-context-5.2.4.RELEASE.jar:5.2.4.RELEASE]
	at org.springframework.context.support.AbstractApplicationContext.finishRefresh(AbstractApplicationContext.java:894) ~[spring-context-5.2.4.RELEASE.jar:5.2.4.RELEASE]
	at org.springframework.boot.web.servlet.context.ServletWebServerApplicationContext.finishRefresh(ServletWebServerApplicationContext.java:162) ~[spring-boot-2.3.0.BUILD-20200308.164156-354.jar:2.3.0.BUILD-SNAPSHOT]
	at org.springframework.context.support.AbstractApplicationContext.refresh(AbstractApplicationContext.java:553) ~[spring-context-5.2.4.RELEASE.jar:5.2.4.RELEASE]
	at org.springframework.boot.web.servlet.context.ServletWebServerApplicationContext.refresh(ServletWebServerApplicationContext.java:141) ~[spring-boot-2.3.0.BUILD-20200308.164156-354.jar:2.3.0.BUILD-SNAPSHOT]
	at org.springframework.boot.SpringApplication.refresh(SpringApplication.java:758) [spring-boot-2.3.0.BUILD-20200308.164156-354.jar:2.3.0.BUILD-SNAPSHOT]
	at org.springframework.boot.SpringApplication.refresh(SpringApplication.java:750) [spring-boot-2.3.0.BUILD-20200308.164156-354.jar:2.3.0.BUILD-SNAPSHOT]
	at org.springframework.boot.SpringApplication.refreshContext(SpringApplication.java:397) [spring-boot-2.3.0.BUILD-20200308.164156-354.jar:2.3.0.BUILD-SNAPSHOT]
	at org.springframework.boot.SpringApplication.run(SpringApplication.java:315) [spring-boot-2.3.0.BUILD-20200308.164156-354.jar:2.3.0.BUILD-SNAPSHOT]
	at org.springframework.boot.SpringApplication.run(SpringApplication.java:1237) [spring-boot-2.3.0.BUILD-20200308.164156-354.jar:2.3.0.BUILD-SNAPSHOT]
	at org.springframework.boot.SpringApplication.run(SpringApplication.java:1226) [spring-boot-2.3.0.BUILD-20200308.164156-354.jar:2.3.0.BUILD-SNAPSHOT]
	at com.ryq.inspiration.InspirationApplication.main(InspirationApplication.java:18) [classes/:na]
	at sun.reflect.NativeMethodAccessorImpl.invoke0(Native Method) ~[na:1.8.0_77]
	at sun.reflect.NativeMethodAccessorImpl.invoke(NativeMethodAccessorImpl.java:62) ~[na:1.8.0_77]
	at sun.reflect.DelegatingMethodAccessorImpl.invoke(DelegatingMethodAccessorImpl.java:43) ~[na:1.8.0_77]
	at java.lang.reflect.Method.invoke(Method.java:498) ~[na:1.8.0_77]
	at org.springframework.boot.devtools.restart.RestartLauncher.run(RestartLauncher.java:49) [spring-boot-devtools-2.3.0.BUILD-20200308.164153-354.jar:2.3.0.BUILD-SNAPSHOT]
Caused by: org.springframework.amqp.AmqpIllegalStateException: Fatal exception on listener startup
	at org.springframework.amqp.rabbit.listener.SimpleMessageListenerContainer.waitForConsumersToStart(SimpleMessageListenerContainer.java:612) ~[spring-rabbit-2.2.4.RELEASE.jar:2.2.4.RELEASE]
	at org.springframework.amqp.rabbit.listener.SimpleMessageListenerContainer.doStart(SimpleMessageListenerContainer.java:573) ~[spring-rabbit-2.2.4.RELEASE.jar:2.2.4.RELEASE]
	at org.springframework.amqp.rabbit.listener.AbstractMessageListenerContainer.start(AbstractMessageListenerContainer.java:1301) ~[spring-rabbit-2.2.4.RELEASE.jar:2.2.4.RELEASE]
	at org.springframework.amqp.rabbit.listener.RabbitListenerEndpointRegistry.startIfNecessary(RabbitListenerEndpointRegistry.java:299) ~[spring-rabbit-2.2.4.RELEASE.jar:2.2.4.RELEASE]
	at org.springframework.amqp.rabbit.listener.RabbitListenerEndpointRegistry.start(RabbitListenerEndpointRegistry.java:249) ~[spring-rabbit-2.2.4.RELEASE.jar:2.2.4.RELEASE]
	at org.springframework.context.support.DefaultLifecycleProcessor.doStart(DefaultLifecycleProcessor.java:182) ~[spring-context-5.2.4.RELEASE.jar:5.2.4.RELEASE]
	... 20 common frames omitted
Caused by: org.springframework.amqp.rabbit.listener.QueuesNotAvailableException: Cannot prepare queue for listener. Either the queue doesn't exist or the broker will not allow us to use it.
	at org.springframework.amqp.rabbit.listener.BlockingQueueConsumer.handleDeclarationException(BlockingQueueConsumer.java:651) ~[spring-rabbit-2.2.4.RELEASE.jar:2.2.4.RELEASE]
	at org.springframework.amqp.rabbit.listener.BlockingQueueConsumer.passiveDeclarations(BlockingQueueConsumer.java:591) ~[spring-rabbit-2.2.4.RELEASE.jar:2.2.4.RELEASE]
	at org.springframework.amqp.rabbit.listener.BlockingQueueConsumer.start(BlockingQueueConsumer.java:571) ~[spring-rabbit-2.2.4.RELEASE.jar:2.2.4.RELEASE]
	at org.springframework.amqp.rabbit.listener.SimpleMessageListenerContainer$AsyncMessageProcessingConsumer.initialize(SimpleMessageListenerContainer.java:1343) ~[spring-rabbit-2.2.4.RELEASE.jar:2.2.4.RELEASE]
	at org.springframework.amqp.rabbit.listener.SimpleMessageListenerContainer$AsyncMessageProcessingConsumer.run(SimpleMessageListenerContainer.java:1188) ~[spring-rabbit-2.2.4.RELEASE.jar:2.2.4.RELEASE]
	at java.lang.Thread.run(Thread.java:745) ~[na:1.8.0_77]
Caused by: org.springframework.amqp.rabbit.listener.BlockingQueueConsumer$DeclarationException: Failed to declare queue(s):[DirectQueue]
	at org.springframework.amqp.rabbit.listener.BlockingQueueConsumer.attemptPassiveDeclarations(BlockingQueueConsumer.java:700) ~[spring-rabbit-2.2.4.RELEASE.jar:2.2.4.RELEASE]
	at org.springframework.amqp.rabbit.listener.BlockingQueueConsumer.passiveDeclarations(BlockingQueueConsumer.java:584) ~[spring-rabbit-2.2.4.RELEASE.jar:2.2.4.RELEASE]
	... 4 common frames omitted
Caused by: java.io.IOException: null
	at com.rabbitmq.client.impl.AMQChannel.wrap(AMQChannel.java:129) ~[amqp-client-5.8.0.jar:5.8.0]
	at com.rabbitmq.client.impl.AMQChannel.wrap(AMQChannel.java:125) ~[amqp-client-5.8.0.jar:5.8.0]
	at com.rabbitmq.client.impl.AMQChannel.exnWrappingRpc(AMQChannel.java:147) ~[amqp-client-5.8.0.jar:5.8.0]
	at com.rabbitmq.client.impl.ChannelN.queueDeclarePassive(ChannelN.java:1012) ~[amqp-client-5.8.0.jar:5.8.0]
	at com.rabbitmq.client.impl.ChannelN.queueDeclarePassive(ChannelN.java:52) ~[amqp-client-5.8.0.jar:5.8.0]
	at sun.reflect.NativeMethodAccessorImpl.invoke0(Native Method) ~[na:1.8.0_77]
	at sun.reflect.NativeMethodAccessorImpl.invoke(NativeMethodAccessorImpl.java:62) ~[na:1.8.0_77]
	at sun.reflect.DelegatingMethodAccessorImpl.invoke(DelegatingMethodAccessorImpl.java:43) ~[na:1.8.0_77]
	at java.lang.reflect.Method.invoke(Method.java:498) ~[na:1.8.0_77]
	at org.springframework.amqp.rabbit.connection.CachingConnectionFactory$CachedChannelInvocationHandler.invoke(CachingConnectionFactory.java:1190) ~[spring-rabbit-2.2.4.RELEASE.jar:2.2.4.RELEASE]
	at com.sun.proxy.$Proxy129.queueDeclarePassive(Unknown Source) ~[na:na]
	at org.springframework.amqp.rabbit.listener.BlockingQueueConsumer.attemptPassiveDeclarations(BlockingQueueConsumer.java:679) ~[spring-rabbit-2.2.4.RELEASE.jar:2.2.4.RELEASE]
	... 5 common frames omitted
Caused by: com.rabbitmq.client.ShutdownSignalException: channel error; protocol method: #method<channel.close>(reply-code=404, reply-text=NOT_FOUND - no queue 'DirectQueue' in vhost '/', class-id=50, method-id=10)
	at com.rabbitmq.utility.ValueOrException.getValue(ValueOrException.java:66) ~[amqp-client-5.8.0.jar:5.8.0]
	at com.rabbitmq.utility.BlockingValueOrException.uninterruptibleGetValue(BlockingValueOrException.java:36) ~[amqp-client-5.8.0.jar:5.8.0]
	at com.rabbitmq.client.impl.AMQChannel$BlockingRpcContinuation.getReply(AMQChannel.java:502) ~[amqp-client-5.8.0.jar:5.8.0]
	at com.rabbitmq.client.impl.AMQChannel.privateRpc(AMQChannel.java:293) ~[amqp-client-5.8.0.jar:5.8.0]
	at com.rabbitmq.client.impl.AMQChannel.exnWrappingRpc(AMQChannel.java:141) ~[amqp-client-5.8.0.jar:5.8.0]
	... 14 common frames omitted
Caused by: com.rabbitmq.client.ShutdownSignalException: channel error; protocol method: #method<channel.close>(reply-code=404, reply-text=NOT_FOUND - no queue 'DirectQueue' in vhost '/', class-id=50, method-id=10)
	at com.rabbitmq.client.impl.ChannelN.asyncShutdown(ChannelN.java:522) ~[amqp-client-5.8.0.jar:5.8.0]
	at com.rabbitmq.client.impl.ChannelN.processAsync(ChannelN.java:346) ~[amqp-client-5.8.0.jar:5.8.0]
	at com.rabbitmq.client.impl.AMQChannel.handleCompleteInboundCommand(AMQChannel.java:182) ~[amqp-client-5.8.0.jar:5.8.0]
	at com.rabbitmq.client.impl.AMQChannel.handleFrame(AMQChannel.java:114) ~[amqp-client-5.8.0.jar:5.8.0]
	at com.rabbitmq.client.impl.AMQConnection.readFrame(AMQConnection.java:719) ~[amqp-client-5.8.0.jar:5.8.0]
	at com.rabbitmq.client.impl.AMQConnection.access$300(AMQConnection.java:48) ~[amqp-client-5.8.0.jar:5.8.0]
	at com.rabbitmq.client.impl.AMQConnection$MainLoop.run(AMQConnection.java:646) ~[amqp-client-5.8.0.jar:5.8.0]
	... 1 common frames omitted

2020-03-09 17:54:34.643  INFO 22612 --- [restartedMain] c.r.inspiration.InspirationApplication   : Starting InspirationApplication on DESKTOP-I5LNNHA with PID 22612 (E:\Work\Java\project\inspiration\target\classes started by 任YQ in E:\Work\Java\project\inspiration)
2020-03-09 17:54:34.645  INFO 22612 --- [restartedMain] c.r.inspiration.InspirationApplication   : No active profile set, falling back to default profiles: default
2020-03-09 17:54:34.678  INFO 22612 --- [restartedMain] .e.DevToolsPropertyDefaultsPostProcessor : Devtools property defaults active! Set 'spring.devtools.add-properties' to 'false' to disable
2020-03-09 17:54:34.678  INFO 22612 --- [restartedMain] .e.DevToolsPropertyDefaultsPostProcessor : For additional web related logging consider setting the 'logging.level.web' property to 'DEBUG'
2020-03-09 17:54:35.321  INFO 22612 --- [restartedMain] .s.d.r.c.RepositoryConfigurationDelegate : Multiple Spring Data modules found, entering strict repository configuration mode!
2020-03-09 17:54:35.323  INFO 22612 --- [restartedMain] .s.d.r.c.RepositoryConfigurationDelegate : Bootstrapping Spring Data Redis repositories in DEFAULT mode.
2020-03-09 17:54:35.341  INFO 22612 --- [restartedMain] .s.d.r.c.RepositoryConfigurationDelegate : Finished Spring Data repository scanning in 9ms. Found 0 Redis repository interfaces.
2020-03-09 17:54:35.541  INFO 22612 --- [restartedMain] trationDelegate$BeanPostProcessorChecker : Bean 'redisConfig' of type [com.ryq.inspiration.config.RedisConfig$$EnhancerBySpringCGLIB$$494fca92] is not eligible for getting processed by all BeanPostProcessors (for example: not eligible for auto-proxying)
2020-03-09 17:54:35.805  INFO 22612 --- [restartedMain] o.s.b.w.embedded.tomcat.TomcatWebServer  : Tomcat initialized with port(s): 8080 (http)
2020-03-09 17:54:35.812  INFO 22612 --- [restartedMain] o.apache.catalina.core.StandardService   : Starting service [Tomcat]
2020-03-09 17:54:35.812  INFO 22612 --- [restartedMain] org.apache.catalina.core.StandardEngine  : Starting Servlet engine: [Apache Tomcat/9.0.30]
2020-03-09 17:54:35.946  INFO 22612 --- [restartedMain] o.a.c.c.C.[Tomcat].[localhost].[/]       : Initializing Spring embedded WebApplicationContext
2020-03-09 17:54:35.946  INFO 22612 --- [restartedMain] o.s.web.context.ContextLoader            : Root WebApplicationContext: initialization completed in 1268 ms
2020-03-09 17:54:36.580  INFO 22612 --- [restartedMain] pertySourcedRequestMappingHandlerMapping : Mapped URL path [/v2/api-docs] onto method [springfox.documentation.swagger2.web.Swagger2Controller#getDocumentation(String, HttpServletRequest)]
2020-03-09 17:54:36.653  INFO 22612 --- [restartedMain] o.s.s.concurrent.ThreadPoolTaskExecutor  : Initializing ExecutorService 'applicationTaskExecutor'
2020-03-09 17:54:36.672  INFO 22612 --- [restartedMain] o.s.b.d.a.OptionalLiveReloadServer       : LiveReload server is running on port 35729
2020-03-09 17:54:36.690  INFO 22612 --- [restartedMain] o.s.b.a.w.s.WelcomePageHandlerMapping    : Adding welcome page template: index
2020-03-09 17:54:36.890  INFO 22612 --- [restartedMain] d.s.w.p.DocumentationPluginsBootstrapper : Context refreshed
2020-03-09 17:54:36.901  INFO 22612 --- [restartedMain] d.s.w.p.DocumentationPluginsBootstrapper : Found 1 custom documentation plugin(s)
2020-03-09 17:54:36.919  INFO 22612 --- [restartedMain] s.d.s.w.s.ApiListingReferenceScanner     : Scanning for api listing references
2020-03-09 17:54:37.015  INFO 22612 --- [restartedMain] o.s.a.r.c.CachingConnectionFactory       : Attempting to connect to: [39.105.180.111:5672]
2020-03-09 17:54:37.108  INFO 22612 --- [restartedMain] o.s.a.r.c.CachingConnectionFactory       : Created new connection: rabbitConnectionFactory#557c4352:0/SimpleConnection@2aa476b8 [delegate=amqp://admin@39.105.180.111:5672/, localPort= 50389]
2020-03-09 17:54:37.298  INFO 22612 --- [restartedMain] o.s.b.w.embedded.tomcat.TomcatWebServer  : Tomcat started on port(s): 8080 (http) with context path ''
2020-03-09 17:54:37.300  INFO 22612 --- [restartedMain] c.r.inspiration.InspirationApplication   : Started InspirationApplication in 2.961 seconds (JVM running for 3.888)
2020-03-09 17:56:02.142  INFO 22612 --- [Thread-10] o.s.a.r.l.SimpleMessageListenerContainer : Waiting for workers to finish.
2020-03-09 17:56:02.347  INFO 22612 --- [Thread-10] o.s.a.r.l.SimpleMessageListenerContainer : Successfully waited for workers to finish.
2020-03-09 17:56:02.353  INFO 22612 --- [Thread-10] o.s.a.r.l.SimpleMessageListenerContainer : Shutdown ignored - container is not active already
2020-03-09 17:56:02.353  INFO 22612 --- [Thread-10] o.s.s.concurrent.ThreadPoolTaskExecutor  : Shutting down ExecutorService 'applicationTaskExecutor'
2020-03-09 17:56:02.767  INFO 22612 --- [restartedMain] c.r.inspiration.InspirationApplication   : Starting InspirationApplication on DESKTOP-I5LNNHA with PID 22612 (E:\Work\Java\project\inspiration\target\classes started by 任YQ in E:\Work\Java\project\inspiration)
2020-03-09 17:56:02.767  INFO 22612 --- [restartedMain] c.r.inspiration.InspirationApplication   : No active profile set, falling back to default profiles: default
2020-03-09 17:56:03.045  INFO 22612 --- [restartedMain] .s.d.r.c.RepositoryConfigurationDelegate : Multiple Spring Data modules found, entering strict repository configuration mode!
2020-03-09 17:56:03.045  INFO 22612 --- [restartedMain] .s.d.r.c.RepositoryConfigurationDelegate : Bootstrapping Spring Data Redis repositories in DEFAULT mode.
2020-03-09 17:56:03.047  INFO 22612 --- [restartedMain] .s.d.r.c.RepositoryConfigurationDelegate : Finished Spring Data repository scanning in 2ms. Found 0 Redis repository interfaces.
2020-03-09 17:56:03.094  INFO 22612 --- [restartedMain] trationDelegate$BeanPostProcessorChecker : Bean 'redisConfig' of type [com.ryq.inspiration.config.RedisConfig$$EnhancerBySpringCGLIB$$494fca92] is not eligible for getting processed by all BeanPostProcessors (for example: not eligible for auto-proxying)
2020-03-09 17:56:03.207  INFO 22612 --- [restartedMain] o.s.b.w.embedded.tomcat.TomcatWebServer  : Tomcat initialized with port(s): 8080 (http)
2020-03-09 17:56:03.208  INFO 22612 --- [restartedMain] o.apache.catalina.core.StandardService   : Starting service [Tomcat]
2020-03-09 17:56:03.208  INFO 22612 --- [restartedMain] org.apache.catalina.core.StandardEngine  : Starting Servlet engine: [Apache Tomcat/9.0.30]
2020-03-09 17:56:03.314  INFO 22612 --- [restartedMain] o.a.c.c.C.[Tomcat].[localhost].[/]       : Initializing Spring embedded WebApplicationContext
2020-03-09 17:56:03.314  INFO 22612 --- [restartedMain] o.s.web.context.ContextLoader            : Root WebApplicationContext: initialization completed in 545 ms
2020-03-09 17:56:03.550  INFO 22612 --- [restartedMain] pertySourcedRequestMappingHandlerMapping : Mapped URL path [/v2/api-docs] onto method [springfox.documentation.swagger2.web.Swagger2Controller#getDocumentation(String, HttpServletRequest)]
2020-03-09 17:56:03.594  INFO 22612 --- [restartedMain] o.s.s.concurrent.ThreadPoolTaskExecutor  : Initializing ExecutorService 'applicationTaskExecutor'
2020-03-09 17:56:03.598  INFO 22612 --- [restartedMain] o.s.b.d.a.OptionalLiveReloadServer       : LiveReload server is running on port 35729
2020-03-09 17:56:03.607  INFO 22612 --- [restartedMain] o.s.b.a.w.s.WelcomePageHandlerMapping    : Adding welcome page template: index
2020-03-09 17:56:03.754  INFO 22612 --- [restartedMain] d.s.w.p.DocumentationPluginsBootstrapper : Context refreshed
2020-03-09 17:56:03.754  INFO 22612 --- [restartedMain] d.s.w.p.DocumentationPluginsBootstrapper : Found 1 custom documentation plugin(s)
2020-03-09 17:56:03.759  INFO 22612 --- [restartedMain] s.d.s.w.s.ApiListingReferenceScanner     : Scanning for api listing references
2020-03-09 17:56:03.787  INFO 22612 --- [restartedMain] o.s.a.r.c.CachingConnectionFactory       : Attempting to connect to: [39.105.180.111:5672]
2020-03-09 17:56:03.856  INFO 22612 --- [restartedMain] o.s.a.r.c.CachingConnectionFactory       : Created new connection: rabbitConnectionFactory#473630da:0/SimpleConnection@2c553ef [delegate=amqp://admin@39.105.180.111:5672/, localPort= 50450]
2020-03-09 17:56:03.984  INFO 22612 --- [restartedMain] o.s.b.w.embedded.tomcat.TomcatWebServer  : Tomcat started on port(s): 8080 (http) with context path ''
2020-03-09 17:56:03.985  INFO 22612 --- [restartedMain] c.r.inspiration.InspirationApplication   : Started InspirationApplication in 1.241 seconds (JVM running for 90.574)
2020-03-09 17:56:03.988  INFO 22612 --- [restartedMain] .ConditionEvaluationDeltaLoggingListener : Condition evaluation unchanged
2020-03-09 17:56:07.196  INFO 22612 --- [Thread-19] o.s.a.r.l.SimpleMessageListenerContainer : Waiting for workers to finish.
2020-03-09 17:56:07.994  INFO 22612 --- [Thread-19] o.s.a.r.l.SimpleMessageListenerContainer : Successfully waited for workers to finish.
2020-03-09 17:56:07.996  INFO 22612 --- [Thread-19] o.s.a.r.l.SimpleMessageListenerContainer : Shutdown ignored - container is not active already
2020-03-09 17:56:08.013  INFO 22612 --- [Thread-19] o.s.s.concurrent.ThreadPoolTaskExecutor  : Shutting down ExecutorService 'applicationTaskExecutor'
2020-03-09 17:56:08.518  INFO 22612 --- [restartedMain] c.r.inspiration.InspirationApplication   : Starting InspirationApplication on DESKTOP-I5LNNHA with PID 22612 (E:\Work\Java\project\inspiration\target\classes started by 任YQ in E:\Work\Java\project\inspiration)
2020-03-09 17:56:08.518  INFO 22612 --- [restartedMain] c.r.inspiration.InspirationApplication   : No active profile set, falling back to default profiles: default
2020-03-09 17:56:08.753  INFO 22612 --- [restartedMain] .s.d.r.c.RepositoryConfigurationDelegate : Multiple Spring Data modules found, entering strict repository configuration mode!
2020-03-09 17:56:08.753  INFO 22612 --- [restartedMain] .s.d.r.c.RepositoryConfigurationDelegate : Bootstrapping Spring Data Redis repositories in DEFAULT mode.
2020-03-09 17:56:08.760  INFO 22612 --- [restartedMain] .s.d.r.c.RepositoryConfigurationDelegate : Finished Spring Data repository scanning in 6ms. Found 0 Redis repository interfaces.
2020-03-09 17:56:08.833  INFO 22612 --- [restartedMain] trationDelegate$BeanPostProcessorChecker : Bean 'redisConfig' of type [com.ryq.inspiration.config.RedisConfig$$EnhancerBySpringCGLIB$$494fca92] is not eligible for getting processed by all BeanPostProcessors (for example: not eligible for auto-proxying)
2020-03-09 17:56:08.989  INFO 22612 --- [restartedMain] o.s.b.w.embedded.tomcat.TomcatWebServer  : Tomcat initialized with port(s): 8080 (http)
2020-03-09 17:56:08.990  INFO 22612 --- [restartedMain] o.apache.catalina.core.StandardService   : Starting service [Tomcat]
2020-03-09 17:56:08.990  INFO 22612 --- [restartedMain] org.apache.catalina.core.StandardEngine  : Starting Servlet engine: [Apache Tomcat/9.0.30]
2020-03-09 17:56:09.095  INFO 22612 --- [restartedMain] o.a.c.c.C.[Tomcat].[localhost].[/]       : Initializing Spring embedded WebApplicationContext
2020-03-09 17:56:09.095  INFO 22612 --- [restartedMain] o.s.web.context.ContextLoader            : Root WebApplicationContext: initialization completed in 574 ms
2020-03-09 17:56:09.262  INFO 22612 --- [restartedMain] pertySourcedRequestMappingHandlerMapping : Mapped URL path [/v2/api-docs] onto method [springfox.documentation.swagger2.web.Swagger2Controller#getDocumentation(String, HttpServletRequest)]
2020-03-09 17:56:09.294  INFO 22612 --- [restartedMain] o.s.s.concurrent.ThreadPoolTaskExecutor  : Initializing ExecutorService 'applicationTaskExecutor'
2020-03-09 17:56:09.297  INFO 22612 --- [restartedMain] o.s.b.d.a.OptionalLiveReloadServer       : LiveReload server is running on port 35729
2020-03-09 17:56:09.302  INFO 22612 --- [restartedMain] o.s.b.a.w.s.WelcomePageHandlerMapping    : Adding welcome page template: index
2020-03-09 17:56:09.374  INFO 22612 --- [restartedMain] d.s.w.p.DocumentationPluginsBootstrapper : Context refreshed
2020-03-09 17:56:09.375  INFO 22612 --- [restartedMain] d.s.w.p.DocumentationPluginsBootstrapper : Found 1 custom documentation plugin(s)
2020-03-09 17:56:09.377  INFO 22612 --- [restartedMain] s.d.s.w.s.ApiListingReferenceScanner     : Scanning for api listing references
2020-03-09 17:56:09.392  INFO 22612 --- [restartedMain] o.s.a.r.c.CachingConnectionFactory       : Attempting to connect to: [39.105.180.111:5672]
2020-03-09 17:56:09.463  INFO 22612 --- [restartedMain] o.s.a.r.c.CachingConnectionFactory       : Created new connection: rabbitConnectionFactory#61191580:0/SimpleConnection@657f56d0 [delegate=amqp://admin@39.105.180.111:5672/, localPort= 50459]
2020-03-09 17:56:09.588  INFO 22612 --- [restartedMain] o.s.b.w.embedded.tomcat.TomcatWebServer  : Tomcat started on port(s): 8080 (http) with context path ''
2020-03-09 17:56:09.589  INFO 22612 --- [restartedMain] c.r.inspiration.InspirationApplication   : Started InspirationApplication in 1.097 seconds (JVM running for 96.177)
2020-03-09 17:56:09.590  INFO 22612 --- [restartedMain] .ConditionEvaluationDeltaLoggingListener : Condition evaluation unchanged
2020-03-09 17:56:22.801  INFO 22612 --- [http-nio-8080-exec-2] o.a.c.c.C.[Tomcat].[localhost].[/]       : Initializing Spring DispatcherServlet 'dispatcherServlet'
2020-03-09 17:56:22.801  INFO 22612 --- [http-nio-8080-exec-2] o.s.web.servlet.DispatcherServlet        : Initializing Servlet 'dispatcherServlet'
2020-03-09 17:56:22.810  INFO 22612 --- [http-nio-8080-exec-2] o.s.web.servlet.DispatcherServlet        : Completed initialization in 9 ms
